TN:
SF:controllers\noteController.js
FN:5,(anonymous_0)
FN:14,(anonymous_1)
FN:32,(anonymous_2)
FN:62,(anonymous_3)
FN:79,(anonymous_4)
FNF:5
FNH:4
FNDA:0,(anonymous_0)
FNDA:3,(anonymous_1)
FNDA:2,(anonymous_2)
FNDA:2,(anonymous_3)
FNDA:2,(anonymous_4)
DA:1,1
DA:2,1
DA:5,1
DA:6,0
DA:8,0
DA:10,0
DA:14,1
DA:15,3
DA:17,3
DA:18,1
DA:21,2
DA:23,2
DA:24,1
DA:27,1
DA:32,1
DA:33,2
DA:34,2
DA:35,2
DA:37,2
DA:38,1
DA:40,2
DA:41,1
DA:43,2
DA:44,1
DA:46,2
DA:47,1
DA:51,1
DA:52,1
DA:53,1
DA:54,1
DA:56,0
DA:57,0
DA:62,1
DA:63,2
DA:65,2
DA:66,1
DA:69,1
DA:71,1
DA:72,0
DA:75,1
DA:79,1
DA:80,2
DA:82,2
DA:83,1
DA:86,1
DA:90,1
DA:91,0
DA:94,1
DA:98,1
LF:49
LH:42
BRDA:17,0,0,1
BRDA:17,0,1,2
BRDA:23,1,0,1
BRDA:23,1,1,1
BRDA:37,2,0,1
BRDA:37,2,1,1
BRDA:40,3,0,1
BRDA:40,3,1,1
BRDA:43,4,0,1
BRDA:43,4,1,1
BRDA:46,5,0,1
BRDA:46,5,1,1
BRDA:65,6,0,1
BRDA:65,6,1,1
BRDA:71,7,0,0
BRDA:71,7,1,1
BRDA:82,8,0,1
BRDA:82,8,1,1
BRDA:90,9,0,0
BRDA:90,9,1,1
BRF:20
BRH:18
end_of_record
TN:
SF:controllers\userController.js
FN:4,(anonymous_0)
FN:9,(anonymous_1)
FN:25,(anonymous_2)
FNF:3
FNH:2
FNDA:0,(anonymous_0)
FNDA:1,(anonymous_1)
FNDA:1,(anonymous_2)
DA:1,1
DA:2,1
DA:4,1
DA:5,0
DA:9,1
DA:10,1
DA:12,1
DA:13,1
DA:16,0
DA:18,0
DA:20,1
DA:25,1
DA:26,1
DA:28,1
DA:29,1
DA:32,0
DA:34,0
DA:36,1
DA:40,1
LF:19
LH:14
BRF:0
BRH:0
end_of_record
TN:
SF:models\noteModel.js
FNF:0
FNH:0
DA:1,1
DA:3,1
DA:5,1
DA:24,1
LF:4
LH:4
BRF:0
BRH:0
end_of_record
TN:
SF:models\userModel.js
FN:20,(anonymous_0)
FN:48,(anonymous_1)
FNF:2
FNH:0
FNDA:0,(anonymous_0)
FNDA:0,(anonymous_1)
DA:1,1
DA:2,1
DA:3,1
DA:5,1
DA:7,1
DA:20,1
DA:23,0
DA:24,0
DA:26,0
DA:27,0
DA:29,0
DA:30,0
DA:33,0
DA:35,0
DA:36,0
DA:39,0
DA:40,0
DA:42,0
DA:44,0
DA:48,1
DA:50,0
DA:51,0
DA:54,0
DA:55,0
DA:56,0
DA:59,0
DA:60,0
DA:61,0
DA:64,0
DA:67,1
LF:30
LH:8
BRDA:23,0,0,0
BRDA:23,0,1,0
BRDA:23,1,0,0
BRDA:23,1,1,0
BRDA:26,2,0,0
BRDA:26,2,1,0
BRDA:29,3,0,0
BRDA:29,3,1,0
BRDA:35,4,0,0
BRDA:35,4,1,0
BRDA:50,5,0,0
BRDA:50,5,1,0
BRDA:50,6,0,0
BRDA:50,6,1,0
BRDA:55,7,0,0
BRDA:55,7,1,0
BRDA:60,8,0,0
BRDA:60,8,1,0
BRF:18
BRH:0
end_of_record
